<?xml version="1.0" encoding="UTF-8"?>
<!-- Generated by org.testng.reporters.JUnitReportReporter -->
<testsuite hostname="LAPTOP-IPVIQBVG" failures="0" tests="1" name="files.SumValidation" time="1.925" errors="0" timestamp="2024-08-24T09:33:14 IST" skipped="0">
  <testcase classname="files.SumValidation" name="SumOfCourses" time="1.925"/>
</testsuite> <!-- files.SumValidation -->
