<?xml version="1.0" encoding="UTF-8"?>
<!-- Generated by org.testng.reporters.JUnitReportReporter -->
<testsuite hostname="LAPTOP-IPVIQBVG" failures="0" tests="3" name="files.DynamicJson" time="6.174" errors="0" timestamp="2025-02-04T10:38:43 GMT-05:00" skipped="0">
  <testcase classname="files.DynamicJson" name="AddBook" time="0.179"/>
  <testcase classname="files.DynamicJson" name="AddBook" time="1.216"/>
  <testcase classname="files.DynamicJson" name="AddBook" time="4.779"/>
</testsuite> <!-- files.DynamicJson -->
